<?xml version="1.0" encoding="UTF-8"?>
<robot generator="Robot 7.0 (Python 3.10.12 on linux)" generated="2024-06-08T07:46:36.086695" rpa="false" schemaversion="5">
<suite id="s1" name="2.Testy stronyglownej" source="/home/tester/Desktop/roboselenium/pythonProject/TestCases/2.Testy_stronyglownej.robot">
<test id="s1-t1" name="TC2.1 Wszystkie produkty sa widoczne" line="12">
<kw name="Open my Browser" owner="2.Testy_stronyglownej_keywords">
<kw name="Open Browser" owner="SeleniumLibrary">
<msg time="2024-06-08T07:46:36.298077" level="INFO">Opening browser 'chrome' to base url 'https://saucedemo.com'.</msg>
<arg>${SiteUrl}</arg>
<arg>${browser}</arg>
<doc>Opens a new browser instance to the optional ``url``.</doc>
<status status="PASS" start="2024-06-08T07:46:36.297823" elapsed="1.782979"/>
</kw>
<kw name="Maximize Browser Window" owner="SeleniumLibrary">
<doc>Maximizes current browser window.</doc>
<status status="PASS" start="2024-06-08T07:46:38.081108" elapsed="0.074884"/>
</kw>
<arg>${SiteUrl}</arg>
<arg>${Browser}</arg>
<status status="PASS" start="2024-06-08T07:46:36.297028" elapsed="1.859161"/>
</kw>
<kw name="LoginIntoSite" owner="2.Testy_stronyglownej_keywords">
<kw name="Input Text" owner="SeleniumLibrary">
<msg time="2024-06-08T07:46:38.157956" level="INFO">Typing text 'standard_user' into text field 'id:user-name'.</msg>
<arg>${loginBox}</arg>
<arg>${username}</arg>
<doc>Types the given ``text`` into the text field identified by ``locator``.</doc>
<status status="PASS" start="2024-06-08T07:46:38.157227" elapsed="0.328075"/>
</kw>
<kw name="Input Text" owner="SeleniumLibrary">
<msg time="2024-06-08T07:46:38.485963" level="INFO">Typing text 'secret_sauce' into text field 'id:password'.</msg>
<arg>${passwordBox}</arg>
<arg>${password}</arg>
<doc>Types the given ``text`` into the text field identified by ``locator``.</doc>
<status status="PASS" start="2024-06-08T07:46:38.485571" elapsed="0.135646"/>
</kw>
<kw name="Click Element" owner="SeleniumLibrary">
<msg time="2024-06-08T07:46:38.621867" level="INFO">Clicking element 'id:login-button'.</msg>
<arg>${loginBtn}</arg>
<doc>Click the element identified by ``locator``.</doc>
<status status="PASS" start="2024-06-08T07:46:38.621520" elapsed="0.146490"/>
</kw>
<kw name="Sleep" owner="BuiltIn">
<msg time="2024-06-08T07:46:39.773860" level="INFO">Slept 1 second.</msg>
<arg>1</arg>
<doc>Pauses the test executed for the given time.</doc>
<status status="PASS" start="2024-06-08T07:46:38.768278" elapsed="1.005777"/>
</kw>
<arg>${user}</arg>
<arg>${pwd}</arg>
<status status="PASS" start="2024-06-08T07:46:38.156569" elapsed="1.617655"/>
</kw>
<kw name="Check every item in the shop" owner="2.Testy_stronyglownej_keywords">
<kw name="Get WebElements" owner="SeleniumLibrary">
<msg time="2024-06-08T07:46:39.792199" level="INFO">${id} = [&lt;selenium.webdriver.remote.webelement.WebElement (session="94a659dc356f89c9ac28f7b4ff1c4bbd", element="f.0C63269F0407C2F3D8E9785D502D8E96.d.3BD7F53D1060BF0AF6D124BADB4849AB.e.40")&gt;, &lt;selenium.webdriv...</msg>
<var>${id}</var>
<arg>${inventoryItem}</arg>
<doc>Returns a list of WebElement objects matching the ``locator``.</doc>
<status status="PASS" start="2024-06-08T07:46:39.774991" elapsed="0.017267"/>
</kw>
<for flavor="IN">
<iter>
<kw name="Get Element Attribute" owner="SeleniumLibrary">
<msg time="2024-06-08T07:46:39.805904" level="INFO">${name} = Sauce Labs Backpack</msg>
<var>${name}</var>
<arg>${item}</arg>
<arg>innerText</arg>
<doc>Returns the value of ``attribute`` from the element ``locator``.</doc>
<status status="PASS" start="2024-06-08T07:46:39.792800" elapsed="0.013158"/>
</kw>
<kw name="Log To Console" owner="BuiltIn">
<arg>${name}</arg>
<doc>Logs the given message to the console.</doc>
<status status="PASS" start="2024-06-08T07:46:39.806176" elapsed="0.000230"/>
</kw>
<var name="${item}">&lt;selenium.webdriver.remote.webelement.WebElement (session="94a659dc356f89c9ac28f7b4ff1c4bbd", element="f.0C63269F0407C2F3D8E9785D502D8E96.d.3BD7F53D1060BF0AF6D124BADB4849AB.e.40")&gt;</var>
<status status="PASS" start="2024-06-08T07:46:39.792638" elapsed="0.013820"/>
</iter>
<iter>
<kw name="Get Element Attribute" owner="SeleniumLibrary">
<msg time="2024-06-08T07:46:39.818380" level="INFO">${name} = Sauce Labs Bike Light</msg>
<var>${name}</var>
<arg>${item}</arg>
<arg>innerText</arg>
<doc>Returns the value of ``attribute`` from the element ``locator``.</doc>
<status status="PASS" start="2024-06-08T07:46:39.806709" elapsed="0.011722"/>
</kw>
<kw name="Log To Console" owner="BuiltIn">
<arg>${name}</arg>
<doc>Logs the given message to the console.</doc>
<status status="PASS" start="2024-06-08T07:46:39.818664" elapsed="0.000239"/>
</kw>
<var name="${item}">&lt;selenium.webdriver.remote.webelement.WebElement (session="94a659dc356f89c9ac28f7b4ff1c4bbd", element="f.0C63269F0407C2F3D8E9785D502D8E96.d.3BD7F53D1060BF0AF6D124BADB4849AB.e.41")&gt;</var>
<status status="PASS" start="2024-06-08T07:46:39.806600" elapsed="0.012352"/>
</iter>
<iter>
<kw name="Get Element Attribute" owner="SeleniumLibrary">
<msg time="2024-06-08T07:46:39.829112" level="INFO">${name} = Sauce Labs Bolt T-Shirt</msg>
<var>${name}</var>
<arg>${item}</arg>
<arg>innerText</arg>
<doc>Returns the value of ``attribute`` from the element ``locator``.</doc>
<status status="PASS" start="2024-06-08T07:46:39.819212" elapsed="0.009951"/>
</kw>
<kw name="Log To Console" owner="BuiltIn">
<arg>${name}</arg>
<doc>Logs the given message to the console.</doc>
<status status="PASS" start="2024-06-08T07:46:39.829352" elapsed="0.000222"/>
</kw>
<var name="${item}">&lt;selenium.webdriver.remote.webelement.WebElement (session="94a659dc356f89c9ac28f7b4ff1c4bbd", element="f.0C63269F0407C2F3D8E9785D502D8E96.d.3BD7F53D1060BF0AF6D124BADB4849AB.e.42")&gt;</var>
<status status="PASS" start="2024-06-08T07:46:39.819088" elapsed="0.010540"/>
</iter>
<iter>
<kw name="Get Element Attribute" owner="SeleniumLibrary">
<msg time="2024-06-08T07:46:39.841895" level="INFO">${name} = Sauce Labs Fleece Jacket</msg>
<var>${name}</var>
<arg>${item}</arg>
<arg>innerText</arg>
<doc>Returns the value of ``attribute`` from the element ``locator``.</doc>
<status status="PASS" start="2024-06-08T07:46:39.829871" elapsed="0.012078"/>
</kw>
<kw name="Log To Console" owner="BuiltIn">
<arg>${name}</arg>
<doc>Logs the given message to the console.</doc>
<status status="PASS" start="2024-06-08T07:46:39.842179" elapsed="0.000240"/>
</kw>
<var name="${item}">&lt;selenium.webdriver.remote.webelement.WebElement (session="94a659dc356f89c9ac28f7b4ff1c4bbd", element="f.0C63269F0407C2F3D8E9785D502D8E96.d.3BD7F53D1060BF0AF6D124BADB4849AB.e.43")&gt;</var>
<status status="PASS" start="2024-06-08T07:46:39.829757" elapsed="0.012714"/>
</iter>
<iter>
<kw name="Get Element Attribute" owner="SeleniumLibrary">
<msg time="2024-06-08T07:46:39.852554" level="INFO">${name} = Sauce Labs Onesie</msg>
<var>${name}</var>
<arg>${item}</arg>
<arg>innerText</arg>
<doc>Returns the value of ``attribute`` from the element ``locator``.</doc>
<status status="PASS" start="2024-06-08T07:46:39.842724" elapsed="0.009876"/>
</kw>
<kw name="Log To Console" owner="BuiltIn">
<arg>${name}</arg>
<doc>Logs the given message to the console.</doc>
<status status="PASS" start="2024-06-08T07:46:39.852782" elapsed="0.000205"/>
</kw>
<var name="${item}">&lt;selenium.webdriver.remote.webelement.WebElement (session="94a659dc356f89c9ac28f7b4ff1c4bbd", element="f.0C63269F0407C2F3D8E9785D502D8E96.d.3BD7F53D1060BF0AF6D124BADB4849AB.e.44")&gt;</var>
<status status="PASS" start="2024-06-08T07:46:39.842605" elapsed="0.010431"/>
</iter>
<iter>
<kw name="Get Element Attribute" owner="SeleniumLibrary">
<msg time="2024-06-08T07:46:39.865925" level="INFO">${name} = Test.allTheThings() T-Shirt (Red)</msg>
<var>${name}</var>
<arg>${item}</arg>
<arg>innerText</arg>
<doc>Returns the value of ``attribute`` from the element ``locator``.</doc>
<status status="PASS" start="2024-06-08T07:46:39.853288" elapsed="0.012692"/>
</kw>
<kw name="Log To Console" owner="BuiltIn">
<arg>${name}</arg>
<doc>Logs the given message to the console.</doc>
<status status="PASS" start="2024-06-08T07:46:39.866196" elapsed="0.000230"/>
</kw>
<var name="${item}">&lt;selenium.webdriver.remote.webelement.WebElement (session="94a659dc356f89c9ac28f7b4ff1c4bbd", element="f.0C63269F0407C2F3D8E9785D502D8E96.d.3BD7F53D1060BF0AF6D124BADB4849AB.e.45")&gt;</var>
<status status="PASS" start="2024-06-08T07:46:39.853166" elapsed="0.013322"/>
</iter>
<var>${item}</var>
<value>@{id}</value>
<status status="PASS" start="2024-06-08T07:46:39.792390" elapsed="0.074281"/>
</for>
<status status="PASS" start="2024-06-08T07:46:39.774575" elapsed="0.092800"/>
</kw>
<kw name="Sleep" owner="BuiltIn">
<msg time="2024-06-08T07:46:41.868760" level="INFO">Slept 2 seconds.</msg>
<arg>2</arg>
<doc>Pauses the test executed for the given time.</doc>
<status status="PASS" start="2024-06-08T07:46:39.867542" elapsed="2.001386"/>
</kw>
<kw name="CheckTheContainer" owner="2.Testy_stronyglownej_keywords">
<kw name="Page Should Contain Element" owner="SeleniumLibrary">
<msg time="2024-06-08T07:46:41.884759" level="INFO">Current page contains element 'class:inventory_list'.</msg>
<arg>${wholeInventory}</arg>
<doc>Verifies that element ``locator`` is found on the current page.</doc>
<status status="PASS" start="2024-06-08T07:46:41.869891" elapsed="0.015049"/>
</kw>
<status status="PASS" start="2024-06-08T07:46:41.869254" elapsed="0.015858"/>
</kw>
<kw name="Close All Browsers" owner="SeleniumLibrary">
<doc>Closes all open browsers and resets the browser cache.</doc>
<status status="PASS" start="2024-06-08T07:46:41.885333" elapsed="0.062830"/>
</kw>
<status status="PASS" start="2024-06-08T07:46:36.296537" elapsed="5.651875"/>
</test>
<status status="PASS" start="2024-06-08T07:46:36.087736" elapsed="5.861091"/>
</suite>
<statistics>
<total>
<stat pass="1" fail="0" skip="0">All Tests</stat>
</total>
<tag>
</tag>
<suite>
<stat pass="1" fail="0" skip="0" id="s1" name="2.Testy stronyglownej">2.Testy stronyglownej</stat>
</suite>
</statistics>
<errors>
</errors>
</robot>
